2026-05-21 06:22:01 [wxauto4(41.1.2)] [DEBUG] [chatbox.py:167]  发送文件: E:\5.16\DouyinVideoClient\7642086368675697061.mp4
2026-05-21 06:22:02 [wxauto4(41.1.2)] [DEBUG] [chatbox.py:154]  发送消息: 成都局贵阳处贵阳北所
https://www.iesdouyin.com/share/video/7642086368675697061#ocr买一二十块钱的小孩嗝屁药避孕药电话打不通，地址写不全三个单元让我猜然后事后侮辱我，辱骂我，把我按在地上打到就是因为没有和女朋友上床没药吃。最后客服还得扣我10块钱我想跳楼了。。#小孩嗝屁药 #避孕药#
类型:其他
2026-05-21 06:22:07 [videodl] [ERROR] [logger.py:29]  [31mDouyinVideoClient.parsefromurl >>> https://www.iesdouyin.com/share/video/7642042444875675377#ocr (Error: 'NoneType' object has no attribute 'group')[0m
2026-05-21 06:22:12 [videodl] [ERROR] [logger.py:29]  [31mDouyinVideoClient.parsefromurl >>> https://www.iesdouyin.com/share/video/7642086368675697061#ocr (Error: 'NoneType' object has no attribute 'group')[0m
2026-05-21 06:22:17 [wxauto4(41.1.2)] [DEBUG] [chatbox.py:167]  发送文件: E:\5.16\DouyinVideoClient\7642086368675697061.mp4
2026-05-21 06:22:17 [wxauto4(41.1.2)] [DEBUG] [chatbox.py:154]  发送消息: 成都局贵阳处贵阳北所
https://www.iesdouyin.com/share/video/7642086368675697061#ocr买一二十块钱的小孩嗝屁药避孕药电话打不通，地址写不全三个单元让我猜然后事后侮辱我，辱骂我，把我按在地上打到就是因为没有和女朋友上床没药吃。最后客服还得扣我10块钱我想跳楼了。。#小孩嗝屁药 #避孕药#
类型:其他
2026-05-21 06:22:21 [videodl] [ERROR] [logger.py:29]  [31mDouyinVideoClient.parsefromurl >>> https://www.iesdouyin.com/share/video/7642093437446425701#ocr (Error: 'NoneType' object has no attribute 'group')[0m
2026-05-21 06:22:27 [videodl] [ERROR] [logger.py:29]  [31mDouyinVideoClient.parsefromurl >>> https://www.iesdouyin.com/share/video/7642042444875675377#ocr (Error: 'NoneType' object has no attribute 'group')[0m
2026-05-21 06:22:33 [videodl] [ERROR] [logger.py:29]  [31mDouyinVideoClient.parsefromurl >>> https://www.iesdouyin.com/share/video/7642101179345856427#ocr (Error: 'NoneType' object has no attribute 'group')[0m
2026-05-21 06:22:38 [videodl] [ERROR] [logger.py:29]  [31mDouyinVideoClient.parsefromurl >>> https://www.iesdouyin.com/share/video/7642093437446425701#ocr (Error: 'NoneType' object has no attribute 'group')[0m
2026-05-21 06:22:43 [videodl] [ERROR] [logger.py:29]  [31mDouyinVideoClient.parsefromurl >>> https://www.iesdouyin.com/share/video/7642042444875675377#ocr (Error: 'NoneType' object has no attribute 'group')[0m
2026-05-21 06:22:49 [videodl] [ERROR] [logger.py:29]  [31mDouyinVideoClient.parsefromurl >>> https://www.iesdouyin.com/share/video/7642101179345856427#ocr (Error: 'NoneType' object has no attribute 'group')[0m
2026-05-21 06:23:03 [videodl] [ERROR] [logger.py:29]  [31mDouyinVideoClient.parsefromurl >>> https://www.iesdouyin.com/share/video/7642102526498342641 (Error: 'NoneType' object has no attribute 'group')[0m
2026-05-21 06:23:09 [videodl] [ERROR] [logger.py:29]  [31mDouyinVideoClient.parsefromurl >>> https://www.iesdouyin.com/share/video/7642102526498342641 (Error: 'NoneType' object has no attribute 'group')[0m
2026-05-21 06:23:14 [videodl] [ERROR] [logger.py:29]  [31mDouyinVideoClient.parsefromurl >>> https://www.iesdouyin.com/share/video/7642102526498342641 (Error: 'NoneType' object has no attribute 'group')[0m
2026-05-21 06:23:20 [videodl] [ERROR] [logger.py:29]  [31mDouyinVideoClient.parsefromurl >>> https://www.iesdouyin.com/share/video/7642102526498342641 (Error: 'NoneType' object has no attribute 'group')[0m
2026-05-21 06:32:40 [wxauto4(41.1.2)] [DEBUG] [chatbox.py:167]  发送文件: E:\5.16\DouyinVideoClient\7641897251678253305.mp4
2026-05-21 06:32:41 [wxauto4(41.1.2)] [DEBUG] [chatbox.py:154]  发送消息: 成都局贵阳处贵阳北所
https://www.iesdouyin.com/share/video/7641897251678253305#ocr要脸不，司机跑下来分币不赚，给你赚200？艹
类型:其他
2026-05-21 06:32:48 [videodl] [INFO] [logger.py:29]  Start to download videos using DouyinVideoClient.
2026-05-21 06:32:49 [videodl] [INFO] [logger.py:29]  Finished downloading videos from DouyinVideoClient. Valid downloads: 1.
2026-05-21 06:32:53 [wxauto4(41.1.2)] [DEBUG] [chatbox.py:167]  发送文件: E:\5.16\DouyinVideoClient\7642071967852337637.mp4
2026-05-21 06:32:54 [wxauto4(41.1.2)] [DEBUG] [chatbox.py:154]  发送消息: 成都局贵阳处贵阳北所
https://www.iesdouyin.com/share/video/7642071967852337637#ocr这是我被骗婚的大概经历，还有很多细节就不添加了，人在做天在看。 如有添油加醋，本人愿意负一切法律责任！
类型:其他
2026-05-21 06:51:16 [wxauto4(41.1.2)] [DEBUG] [chatbox.py:167]  发送文件: E:\5.16\DouyinVideoClient\7642109705745509093.mp4
2026-05-21 06:51:17 [wxauto4(41.1.2)] [DEBUG] [chatbox.py:154]  发送消息: 成都局贵阳处贵阳北所
https://www.iesdouyin.com/share/video/7642109705745509093第一次火车最贵，最垃圾，最难受的火车
类型:其他
2026-05-21 06:51:26 [wxauto4(41.1.2)] [DEBUG] [chatbox.py:167]  发送文件: E:\5.16\DouyinVideoClient\7642109705745509093.mp4
2026-05-21 06:51:27 [wxauto4(41.1.2)] [DEBUG] [chatbox.py:154]  发送消息: 成都局贵阳处贵阳北所
https://www.iesdouyin.com/share/video/7642109705745509093第一次火车最贵，最垃圾，最难受的火车
类型:其他
2026-05-21 06:51:36 [wxauto4(41.1.2)] [DEBUG] [chatbox.py:167]  发送文件: E:\5.16\DouyinVideoClient\7642109705745509093.mp4
2026-05-21 06:51:37 [wxauto4(41.1.2)] [DEBUG] [chatbox.py:154]  发送消息: 成都局贵阳处贵阳北所
https://www.iesdouyin.com/share/video/7642109705745509093第一次火车最贵，最垃圾，最难受的火车
类型:其他
2026-05-21 07:01:46 [wxauto4(41.1.2)] [DEBUG] [chatbox.py:167]  发送文件: E:\5.16\DouyinVideoClient\7641940264169611621.mp4
2026-05-21 07:01:47 [wxauto4(41.1.2)] [DEBUG] [chatbox.py:154]  发送消息: 成都局贵阳处贵阳北所
https://www.iesdouyin.com/share/video/7641940264169611621#ocr希望今晚不要在地震了 搞的人心惶惶 睡不好觉
类型:其他
2026-05-21 07:02:01 [wxauto4(41.1.2)] [DEBUG] [chatbox.py:167]  发送文件: E:\5.16\DouyinVideoClient\7641940264169611621.mp4
2026-05-21 07:02:02 [wxauto4(41.1.2)] [DEBUG] [chatbox.py:154]  发送消息: 成都局贵阳处贵阳北所
https://www.iesdouyin.com/share/video/7641940264169611621#ocr希望今晚不要在地震了 搞的人心惶惶 睡不好觉
类型:其他
2026-05-21 07:03:31 [wxauto4(41.1.2)] [DEBUG] [chatbox.py:167]  发送文件: E:\5.16\DouyinVideoClient\7642112753582728677.mp4
2026-05-21 07:03:31 [wxauto4(41.1.2)] [DEBUG] [chatbox.py:154]  发送消息: 成都局贵阳处贵阳北所
https://www.iesdouyin.com/share/video/7642112753582728677素质从来和学历身份无关！高铁列车上，几名乘客全程肆意吐瓜子皮，地面铺满碎屑，缝隙全是垃圾。乘务员轻声劝阻毫无效果，蹲身细细清扫干净，转头就被再次弄脏。公共场合肆意糟蹋环境，无视工作人员劳动成果，自私又
类型:其他
2026-05-21 07:03:40 [wxauto4(41.1.2)] [DEBUG] [chatbox.py:167]  发送文件: E:\5.16\DouyinVideoClient\7642103647488374501.mp4
2026-05-21 07:03:41 [wxauto4(41.1.2)] [DEBUG] [chatbox.py:154]  发送消息: 成都局贵阳处贵阳北所
https://www.iesdouyin.com/share/video/7642103647488374501#ocr又到月底了，房租要交，水电费，孩子生活要转，养老保险要交，处处都是钱钱钱，这日子真它妈的不是人过的。每每到月底头都大。谁能理解我现在的心情啊！
类型:其他
2026-05-21 07:04:49 [videodl] [INFO] [logger.py:29]  Start to download videos using DouyinVideoClient.
2026-05-21 07:04:51 [videodl] [INFO] [logger.py:29]  Finished downloading videos from DouyinVideoClient. Valid downloads: 1.
2026-05-21 07:04:55 [wxauto4(41.1.2)] [DEBUG] [chatbox.py:167]  发送文件: E:\5.16\DouyinVideoClient\7642112775564935793.mp4
2026-05-21 07:04:56 [wxauto4(41.1.2)] [DEBUG] [chatbox.py:154]  发送消息: 成都局贵阳处贵阳北所
https://www.iesdouyin.com/share/video/7642112775564935793#ocr#火车站跑腿
类型:其他
2026-05-21 07:05:05 [wxauto4(41.1.2)] [DEBUG] [chatbox.py:167]  发送文件: E:\5.16\DouyinVideoClient\7642112775564935793.mp4
2026-05-21 07:05:05 [wxauto4(41.1.2)] [DEBUG] [chatbox.py:154]  发送消息: 成都局贵阳处贵阳北所
https://www.iesdouyin.com/share/video/7642112775564935793#ocr#火车站跑腿
类型:其他
2026-05-21 07:05:14 [wxauto4(41.1.2)] [DEBUG] [chatbox.py:167]  发送文件: E:\5.16\DouyinVideoClient\7642112775564935793.mp4
2026-05-21 07:05:15 [wxauto4(41.1.2)] [DEBUG] [chatbox.py:154]  发送消息: 成都局贵阳处贵阳北所
https://www.iesdouyin.com/share/video/7642112775564935793#ocr#火车站跑腿
类型:其他
2026-05-21 07:05:19 [videodl] [ERROR] [logger.py:29]  [31mDouyinVideoClient.parsefromurl >>> https://www.iesdouyin.com/share/video/7642112905572422842#ocr (Error: 'NoneType' object has no attribute 'group')[0m
2026-05-21 07:05:24 [videodl] [ERROR] [logger.py:29]  [31mDouyinVideoClient.parsefromurl >>> https://www.iesdouyin.com/share/video/7642112775564935793#ocr (Error: 'NoneType' object has no attribute 'group')[0m
2026-05-21 07:05:28 [wxauto4(41.1.2)] [DEBUG] [chatbox.py:167]  发送文件: E:\5.16\DouyinVideoClient\7642112775564935793.mp4
2026-05-21 07:05:29 [wxauto4(41.1.2)] [DEBUG] [chatbox.py:154]  发送消息: 成都局贵阳处贵阳北所
https://www.iesdouyin.com/share/video/7642112775564935793#ocr#火车站跑腿
类型:其他
2026-05-21 07:05:31 [videodl] [ERROR] [logger.py:29]  [31mDouyinVideoClient.parsefromurl >>> https://www.iesdouyin.com/share/video/7642112905572422842#ocr (Error: 'NoneType' object has no attribute 'group')[0m
2026-05-21 07:05:37 [videodl] [ERROR] [logger.py:29]  [31mDouyinVideoClient.parsefromurl >>> https://www.iesdouyin.com/share/video/7642112905572422842#ocr (Error: 'NoneType' object has no attribute 'group')[0m
2026-05-21 07:05:42 [videodl] [ERROR] [logger.py:29]  [31mDouyinVideoClient.parsefromurl >>> https://www.iesdouyin.com/share/video/7642112905572422842#ocr (Error: 'NoneType' object has no attribute 'group')[0m
2026-05-21 07:05:48 [videodl] [ERROR] [logger.py:29]  [31mDouyinVideoClient.parsefromurl >>> https://www.iesdouyin.com/share/video/7642112915156223155#asr (Error: 'NoneType' object has no attribute 'group')[0m
2026-05-21 07:05:53 [videodl] [ERROR] [logger.py:29]  [31mDouyinVideoClient.parsefromurl >>> https://www.iesdouyin.com/share/video/7642112915156223155#asr (Error: 'NoneType' object has no attribute 'group')[0m
2026-05-21 07:05:58 [videodl] [ERROR] [logger.py:29]  [31mDouyinVideoClient.parsefromurl >>> https://www.iesdouyin.com/share/video/7642112915156223155#asr (Error: 'NoneType' object has no attribute 'group')[0m
2026-05-21 07:06:17 [videodl] [ERROR] [logger.py:29]  [31mDouyinVideoClient.parsefromurl >>> https://www.iesdouyin.com/share/video/7642113439988495857 (Error: 'NoneType' object has no attribute 'group')[0m
2026-05-21 07:06:23 [videodl] [ERROR] [logger.py:29]  [31mDouyinVideoClient.parsefromurl >>> https://www.iesdouyin.com/share/video/7642113439988495857 (Error: 'NoneType' object has no attribute 'group')[0m
