2026-05-19 19:42:32 [wxauto4(41.1.2)] [DEBUG] [chatbox.py:167]  发送文件: E:\5.16\fb60dcdcd14ccb12b8187199fa4b0e224.mp4
2026-05-19 19:42:34 [videodl] [ERROR] [logger.py:29]  [31mWebMediaGrabber.get >>> https://sns-video-qc.xhscdn.com (Error: 403 Client Error: Forbidden for url: https://sns-video-qc.xhscdn.com/; status=403)[0m
2026-05-19 19:42:34 [videodl] [ERROR] [logger.py:29]  [31mWebMediaGrabber.get >>> https://sns-video-qc.xhscdn.com (Error: 403 Client Error: Forbidden for url: https://sns-video-qc.xhscdn.com/; status=403)[0m
2026-05-19 19:42:35 [videodl] [ERROR] [logger.py:29]  [31mWebMediaGrabber.get >>> https://sns-video-qc.xhscdn.com (Error: 403 Client Error: Forbidden for url: https://sns-video-qc.xhscdn.com/; status=403)[0m
2026-05-19 19:42:35 [videodl] [ERROR] [logger.py:29]  [31mWebMediaGrabber.get >>> https://sns-video-qc.xhscdn.com (Error: 403 Client Error: Forbidden for url: https://sns-video-qc.xhscdn.com/; status=403)[0m
2026-05-19 19:42:35 [videodl] [ERROR] [logger.py:29]  [31mWebMediaGrabber.get >>> https://sns-video-qc.xhscdn.com (Error: 403 Client Error: Forbidden for url: https://sns-video-qc.xhscdn.com/; status=403)[0m
2026-05-19 19:42:35 [videodl] [ERROR] [logger.py:29]  [31mWebMediaGrabber.get >>> https://sns-video-hw.xhscdn.com (Error: 403 Client Error: Forbidden for url: https://sns-video-hw.xhscdn.com/; status=403)[0m
2026-05-19 19:42:35 [videodl] [ERROR] [logger.py:29]  [31mWebMediaGrabber.get >>> https://sns-video-hw.xhscdn.com (Error: 403 Client Error: Forbidden for url: https://sns-video-hw.xhscdn.com/; status=403)[0m
2026-05-19 19:42:35 [videodl] [ERROR] [logger.py:29]  [31mWebMediaGrabber.get >>> https://sns-video-hw.xhscdn.com (Error: 403 Client Error: Forbidden for url: https://sns-video-hw.xhscdn.com/; status=403)[0m
2026-05-19 19:42:35 [videodl] [ERROR] [logger.py:29]  [31mWebMediaGrabber.get >>> https://sns-video-hw.xhscdn.com (Error: 403 Client Error: Forbidden for url: https://sns-video-hw.xhscdn.com/; status=403)[0m
2026-05-19 19:42:36 [videodl] [ERROR] [logger.py:29]  [31mWebMediaGrabber.get >>> https://sns-video-hw.xhscdn.com (Error: 403 Client Error: Forbidden for url: https://sns-video-hw.xhscdn.com/; status=403)[0m
2026-05-19 19:42:36 [videodl] [ERROR] [logger.py:29]  [31mWebMediaGrabber.get >>> https://sns-video-bd.xhscdn.com (Error: 403 Client Error: Forbidden for url: https://sns-video-bd.xhscdn.com/; status=403)[0m
2026-05-19 19:42:36 [videodl] [ERROR] [logger.py:29]  [31mWebMediaGrabber.get >>> https://sns-video-bd.xhscdn.com (Error: 403 Client Error: Forbidden for url: https://sns-video-bd.xhscdn.com/; status=403)[0m
2026-05-19 19:42:36 [videodl] [ERROR] [logger.py:29]  [31mWebMediaGrabber.get >>> https://sns-video-bd.xhscdn.com (Error: 403 Client Error: Forbidden for url: https://sns-video-bd.xhscdn.com/; status=403)[0m
2026-05-19 19:42:36 [videodl] [ERROR] [logger.py:29]  [31mWebMediaGrabber.get >>> https://sns-video-bd.xhscdn.com (Error: 403 Client Error: Forbidden for url: https://sns-video-bd.xhscdn.com/; status=403)[0m
2026-05-19 19:42:36 [videodl] [ERROR] [logger.py:29]  [31mWebMediaGrabber.get >>> https://sns-video-bd.xhscdn.com (Error: 403 Client Error: Forbidden for url: https://sns-video-bd.xhscdn.com/; status=403)[0m
2026-05-19 19:42:37 [videodl] [ERROR] [logger.py:29]  [31mWebMediaGrabber.get >>> https://sns-video-qn.xhscdn.com (Error: 403 Client Error: Forbidden for url: https://sns-video-qn.xhscdn.com/; status=403)[0m
2026-05-19 19:42:37 [videodl] [ERROR] [logger.py:29]  [31mWebMediaGrabber.get >>> https://sns-video-qn.xhscdn.com (Error: 403 Client Error: Forbidden for url: https://sns-video-qn.xhscdn.com/; status=403)[0m
2026-05-19 19:42:37 [videodl] [ERROR] [logger.py:29]  [31mWebMediaGrabber.get >>> https://sns-video-qn.xhscdn.com (Error: 403 Client Error: Forbidden for url: https://sns-video-qn.xhscdn.com/; status=403)[0m
2026-05-19 19:42:38 [videodl] [ERROR] [logger.py:29]  [31mWebMediaGrabber.get >>> https://sns-video-qn.xhscdn.com (Error: 403 Client Error: Forbidden for url: https://sns-video-qn.xhscdn.com/; status=403)[0m
2026-05-19 19:42:38 [videodl] [ERROR] [logger.py:29]  [31mWebMediaGrabber.get >>> https://sns-video-qn.xhscdn.com (Error: 403 Client Error: Forbidden for url: https://sns-video-qn.xhscdn.com/; status=403)[0m
2026-05-19 19:42:38 [videodl] [ERROR] [logger.py:29]  [31mWebMediaGrabber.get >>> https://sns-video-hw.xhscdn.net (Error: 403 Client Error: Forbidden for url: https://sns-video-hw.xhscdn.net/; status=403)[0m
2026-05-19 19:42:38 [videodl] [ERROR] [logger.py:29]  [31mWebMediaGrabber.get >>> https://sns-video-hw.xhscdn.net (Error: 403 Client Error: Forbidden for url: https://sns-video-hw.xhscdn.net/; status=403)[0m
2026-05-19 19:42:38 [videodl] [ERROR] [logger.py:29]  [31mWebMediaGrabber.get >>> https://sns-video-hw.xhscdn.net (Error: 403 Client Error: Forbidden for url: https://sns-video-hw.xhscdn.net/; status=403)[0m
2026-05-19 19:42:39 [videodl] [ERROR] [logger.py:29]  [31mWebMediaGrabber.get >>> https://sns-video-hw.xhscdn.net (Error: 403 Client Error: Forbidden for url: https://sns-video-hw.xhscdn.net/; status=403)[0m
2026-05-19 19:42:39 [videodl] [ERROR] [logger.py:29]  [31mWebMediaGrabber.get >>> https://sns-video-hw.xhscdn.net (Error: 403 Client Error: Forbidden for url: https://sns-video-hw.xhscdn.net/; status=403)[0m
2026-05-19 20:43:30 [wxauto4(41.1.2)] [DEBUG] [chatbox.py:167]  发送文件: E:\5.16\f.mp4
2026-05-19 20:43:34 [videodl] [INFO] [logger.py:29]  Start to download videos using DouyinVideoClient.
2026-05-19 20:43:40 [videodl] [INFO] [logger.py:29]  Finished downloading videos from DouyinVideoClient. Valid downloads: 1.
2026-05-19 20:43:43 [wxauto4(41.1.2)] [DEBUG] [chatbox.py:167]  发送文件: E:\5.16\f.mp4
2026-05-19 20:44:33 [wxauto4(41.1.2)] [DEBUG] [chatbox.py:167]  发送文件: E:\5.16\f.mp4
2026-05-19 20:44:37 [videodl] [INFO] [logger.py:29]  Start to download videos using DouyinVideoClient.
2026-05-19 20:44:39 [videodl] [INFO] [logger.py:29]  Finished downloading videos from DouyinVideoClient. Valid downloads: 1.
2026-05-19 20:44:42 [wxauto4(41.1.2)] [DEBUG] [chatbox.py:167]  发送文件: E:\5.16\f.mp4
2026-05-19 20:45:56 [wxauto4(41.1.2)] [DEBUG] [chatbox.py:167]  发送文件: E:\5.16\.mp4
2026-05-19 20:46:00 [videodl] [INFO] [logger.py:29]  Start to download videos using DouyinVideoClient.
2026-05-19 20:46:04 [videodl] [INFO] [logger.py:29]  Finished downloading videos from DouyinVideoClient. Valid downloads: 1.
2026-05-19 20:46:07 [wxauto4(41.1.2)] [DEBUG] [chatbox.py:167]  发送文件: E:\5.16\.mp4
2026-05-19 21:15:42 [wxauto4(41.1.2)] [DEBUG] [chatbox.py:167]  发送文件: E:\5.16\DouyinVideoClient\7641584003199275129.mp4
2026-05-19 21:15:43 [wxauto4(41.1.2)] [DEBUG] [chatbox.py:154]  发送消息: 成都局贵阳处贵阳北所
https://www.iesdouyin.com/share/video/7641584003199275129#ocr越过道德底线，却还不知道彼此真实的身份
类型:其他
