2026-05-25 20:24:45 [wxauto4(41.1.2)] [DEBUG] [chatbox.py:167]  发送文件: E:\5.16\DouyinVideoClient\7643803346117946803.mp4
2026-05-25 20:24:46 [wxauto4(41.1.2)] [DEBUG] [chatbox.py:154]  发送消息: 成都局贵阳处贵阳北所
https://www.iesdouyin.com/share/video/7643803346117946803由于5月22日沪昆高铁南昌局管内发生接触网故障，导致G1356次列车严重晚点（晚点2h），后续交路G1357次列车 杭州东-南昌西 由虹桥所热备CR400BF-AS-3226空送至杭州东站担当，在南昌
类型:其他
2026-05-25 20:25:14 [videodl] [INFO] [logger.py:29]  Start to download videos using DouyinVideoClient.
2026-05-25 20:25:17 [videodl] [INFO] [logger.py:29]  Finished downloading videos from DouyinVideoClient. Valid downloads: 1.
2026-05-25 20:25:22 [wxauto4(41.1.2)] [DEBUG] [chatbox.py:167]  发送文件: E:\5.16\DouyinVideoClient\7643757443492010694.mp4
2026-05-25 20:25:22 [wxauto4(41.1.2)] [DEBUG] [chatbox.py:154]  发送消息: 成都局贵阳处贵阳北所
https://www.iesdouyin.com/share/video/7643757443492010694#ocr租车租金千万不能大意！ #同程租车 #同程租车盲盒 #租车避坑指南 #租车盲盒
类型:其他
2026-05-25 20:30:57 [videodl] [INFO] [logger.py:29]  Start to download videos using DouyinVideoClient.
2026-05-25 20:30:57 [videodl] [INFO] [logger.py:29]  Finished downloading videos from DouyinVideoClient. Valid downloads: 1.
2026-05-25 20:32:46 [videodl] [INFO] [logger.py:29]  Start to download videos using DouyinVideoClient.
2026-05-25 20:32:56 [videodl] [INFO] [logger.py:29]  Finished downloading videos from DouyinVideoClient. Valid downloads: 1.
2026-05-25 20:33:01 [wxauto4(41.1.2)] [DEBUG] [chatbox.py:167]  发送文件: E:\5.16\DouyinVideoClient\7643805183169017454.mp4
2026-05-25 20:33:01 [wxauto4(41.1.2)] [DEBUG] [chatbox.py:154]  发送消息: 成都局贵阳处贵阳北所
https://www.iesdouyin.com/share/video/7643805183169017454#ocr真的是被高铁换座机制坑惨了#火车省钱#在线换座
类型:其他
2026-05-25 20:41:09 [videodl] [INFO] [logger.py:29]  Start to download videos using DouyinVideoClient.
2026-05-25 20:41:10 [videodl] [INFO] [logger.py:29]  Finished downloading videos from DouyinVideoClient. Valid downloads: 1.
2026-05-25 20:41:15 [wxauto4(41.1.2)] [DEBUG] [chatbox.py:167]  发送文件: E:\5.16\DouyinVideoClient\7643807705812356515.mp4
2026-05-25 20:41:15 [wxauto4(41.1.2)] [DEBUG] [chatbox.py:154]  发送消息: 成都局贵阳处贵阳北所
https://www.iesdouyin.com/share/video/7643807705812356515无锡有名的人类张二跟他女人专门骗人要钱。老家响水车站那边呢骗人家钱骗了好多在无锡出门骗人家钱出门都牛
类型:其他
2026-05-25 20:42:50 [videodl] [INFO] [logger.py:29]  Start to download videos using DouyinVideoClient.
2026-05-25 20:42:51 [videodl] [INFO] [logger.py:29]  Finished downloading videos from DouyinVideoClient. Valid downloads: 1.
2026-05-25 20:50:34 [schedule] [DEBUG] [__init__.py:690]  Running job Job(interval=30, unit=minutes, do=main, args=(), kwargs={})
2026-05-25 22:30:42 [wxauto4(41.1.2)] [DEBUG] [chatbox.py:167]  发送文件: E:\5.16\DouyinVideoClient\7643745226737132239.mp4
2026-05-25 22:30:43 [wxauto4(41.1.2)] [DEBUG] [chatbox.py:154]  发送消息: 成都局贵阳处贵阳北所
https://www.iesdouyin.com/share/video/7643745226737132239出发前因车门未锁 放在车里的钱被盗难过 老公让我安心的出去玩耍 不要影响既定的行程  接下来属于张女士的一人特种兵 青甘小环线行程要开始了#绿皮火车
类型:其他
2026-05-25 22:30:57 [videodl] [INFO] [logger.py:29]  Start to download videos using DouyinVideoClient.
2026-05-25 22:30:58 [videodl] [INFO] [logger.py:29]  Finished downloading videos from DouyinVideoClient. Valid downloads: 1.
2026-05-25 22:31:02 [wxauto4(41.1.2)] [DEBUG] [chatbox.py:167]  发送文件: E:\5.16\DouyinVideoClient\7643800083436463205.mp4
2026-05-25 22:31:03 [wxauto4(41.1.2)] [DEBUG] [chatbox.py:154]  发送消息: 成都局贵阳处贵阳北所
https://www.iesdouyin.com/share/video/7643800083436463205还是丽枫好，一进酒店大堂都是香香的#家里停电好热 #停电了不知道什么时候来电 #停电之后
类型:其他
2026-05-25 22:31:44 [videodl] [INFO] [logger.py:29]  Start to download videos using DouyinVideoClient.
2026-05-25 22:31:45 [videodl] [INFO] [logger.py:29]  Finished downloading videos from DouyinVideoClient. Valid downloads: 1.
2026-05-25 22:31:49 [wxauto4(41.1.2)] [DEBUG] [chatbox.py:167]  发送文件: E:\5.16\DouyinVideoClient\7643765341599976719.mp4
2026-05-25 22:31:50 [wxauto4(41.1.2)] [DEBUG] [chatbox.py:154]  发送消息: 成都局贵阳处贵阳北所
https://www.iesdouyin.com/share/video/7643765341599976719#ocr租车变待宰？只因没录视频！血汗钱打水漂！ #租车 #冷知识 #同程租车盲盒 #汽车知识
类型:其他
2026-05-25 22:35:09 [videodl] [INFO] [logger.py:29]  Start to download videos using DouyinVideoClient.
2026-05-25 22:35:12 [videodl] [INFO] [logger.py:29]  Finished downloading videos from DouyinVideoClient. Valid downloads: 1.
2026-05-25 22:35:16 [wxauto4(41.1.2)] [DEBUG] [chatbox.py:167]  发送文件: E:\5.16\DouyinVideoClient\7643494909874762661.mp4
2026-05-25 22:35:17 [wxauto4(41.1.2)] [DEBUG] [chatbox.py:154]  发送消息: 成都局贵阳处贵阳北所
https://www.iesdouyin.com/share/video/7643494909874762661周日晚上十一点半北京南站周边及车站内停车场拥堵不堪 停车场新改设计后第一次这么晚接站，从三环盘到开阳路就堵车一直到停车场接站停车区，设计看似新颖标识清晰，实则混乱不堪，跟以前相比不但没有快捷反而增加了
类型:其他
2026-05-25 22:41:29 [videodl] [INFO] [logger.py:29]  Start to download videos using DouyinVideoClient.
2026-05-25 22:41:30 [videodl] [INFO] [logger.py:29]  Finished downloading videos from DouyinVideoClient. Valid downloads: 1.
2026-05-25 22:43:10 [videodl] [INFO] [logger.py:29]  Start to download videos using DouyinVideoClient.
2026-05-25 22:43:11 [videodl] [INFO] [logger.py:29]  Finished downloading videos from DouyinVideoClient. Valid downloads: 1.
2026-05-25 22:43:16 [wxauto4(41.1.2)] [DEBUG] [chatbox.py:167]  发送文件: E:\5.16\DouyinVideoClient\7643773190511346339.mp4
2026-05-25 22:43:16 [wxauto4(41.1.2)] [DEBUG] [chatbox.py:154]  发送消息: 成都局贵阳处贵阳北所
https://www.iesdouyin.com/share/video/7643773190511346339刚才坐滴滴到孝感火车站，我叫司机不要走碧桂园非不听，走黄香大道一点积水都没有，讲不通，来接我还要把车子转个圈，冒说先叫我上车，让我看到她转圈，把我衣服鞋子全部淋湿了，坐车上把他屌了一顿。第一次见到这样
类型:其他
2026-05-25 22:47:02 [videodl] [INFO] [logger.py:29]  Start to download videos using DouyinVideoClient.
2026-05-25 22:47:04 [videodl] [INFO] [logger.py:29]  Finished downloading videos from DouyinVideoClient. Valid downloads: 1.
2026-05-25 22:47:08 [wxauto4(41.1.2)] [DEBUG] [chatbox.py:167]  发送文件: E:\5.16\DouyinVideoClient\7643661774555066481.mp4
2026-05-25 22:47:09 [wxauto4(41.1.2)] [DEBUG] [chatbox.py:154]  发送消息: 成都局贵阳处贵阳北所
https://www.iesdouyin.com/share/video/7643661774555066481黑龙江省齐齐哈尔火车站黑车专骗返乡学生，属实太可恨，良心让狗吃了…
类型:其他
2026-05-25 22:56:15 [schedule] [DEBUG] [__init__.py:690]  Running job Job(interval=30, unit=minutes, do=main, args=(), kwargs={})
2026-05-25 23:02:13 [videodl] [INFO] [logger.py:29]  Start to download videos using DouyinVideoClient.
2026-05-25 23:02:27 [videodl] [INFO] [logger.py:29]  Finished downloading videos from DouyinVideoClient. Valid downloads: 1.
2026-05-25 23:02:32 [wxauto4(41.1.2)] [DEBUG] [chatbox.py:167]  发送文件: E:\5.16\DouyinVideoClient\7643843573972073615.mp4
2026-05-25 23:02:32 [wxauto4(41.1.2)] [DEBUG] [chatbox.py:154]  发送消息: 成都局贵阳处贵阳北所
https://www.iesdouyin.com/share/video/7643843573972073615#ocr老师打我了 #真实生活分享计划  当孩子说“老师打我了”， 我该马上去找园长吗？ #幼儿园 #幼师 #父母课堂 #亲子互动
类型:其他
2026-05-25 23:11:48 [videodl] [INFO] [logger.py:29]  Start to download videos using DouyinVideoClient.
2026-05-25 23:12:07 [videodl] [INFO] [logger.py:29]  Finished downloading videos from DouyinVideoClient. Valid downloads: 1.
2026-05-25 23:12:12 [wxauto4(41.1.2)] [DEBUG] [chatbox.py:167]  发送文件: E:\5.16\DouyinVideoClient\7643734285229747877.mp4
2026-05-25 23:12:12 [wxauto4(41.1.2)] [DEBUG] [chatbox.py:154]  发送消息: 成都局贵阳处贵阳北所
https://www.iesdouyin.com/share/video/7643734285229747877#asr 专产汇|川治特产汇|一|川渝特产汇|MTG|16|开点|JB|终到站|状态|山|公|20|不便之老|盟电话：028-12306|非民身份证通道|1B|候车区|军人住车区|光电|请勿翻|勿翻越
类型:其他
2026-05-25 23:17:01 [videodl] [ERROR] [logger.py:29]  [31mDouyinVideoClient.parsefromurl >>> https://www.iesdouyin.com/share/video/7643847059968578746#ocr (Error: 'video')[0m
2026-05-25 23:17:09 [videodl] [ERROR] [logger.py:29]  [31mDouyinVideoClient.parsefromurl >>> https://www.iesdouyin.com/share/video/7643847059968578746#ocr (Error: 'video')[0m
2026-05-25 23:26:19 [schedule] [DEBUG] [__init__.py:690]  Running job Job(interval=30, unit=minutes, do=main, args=(), kwargs={})
2026-05-25 23:31:59 [videodl] [INFO] [logger.py:29]  Start to download videos using DouyinVideoClient.
2026-05-25 23:32:09 [videodl] [INFO] [logger.py:29]  Finished downloading videos from DouyinVideoClient. Valid downloads: 1.
2026-05-25 23:32:13 [wxauto4(41.1.2)] [DEBUG] [chatbox.py:167]  发送文件: E:\5.16\DouyinVideoClient\7643851220621348473.mp4
2026-05-25 23:32:14 [wxauto4(41.1.2)] [DEBUG] [chatbox.py:154]  发送消息: 成都局贵阳处贵阳北所
https://www.iesdouyin.com/share/video/7643851220621348473#asr过去的旅客真心不容易#铁路#吃拿卡要#保哥说唱
类型:其他
2026-05-25 23:34:20 [videodl] [INFO] [logger.py:29]  Start to download videos using DouyinVideoClient.
2026-05-25 23:34:20 [videodl] [INFO] [logger.py:29]  Finished downloading videos from DouyinVideoClient. Valid downloads: 1.
2026-05-25 23:36:16 [videodl] [INFO] [logger.py:29]  Start to download videos using DouyinVideoClient.
2026-05-25 23:36:19 [videodl] [INFO] [logger.py:29]  Finished downloading videos from DouyinVideoClient. Valid downloads: 1.
2026-05-25 23:36:23 [wxauto4(41.1.2)] [DEBUG] [chatbox.py:167]  发送文件: E:\5.16\DouyinVideoClient\7643624113848065649.mp4
2026-05-25 23:36:24 [wxauto4(41.1.2)] [DEBUG] [chatbox.py:154]  发送消息: 成都局贵阳处贵阳北所
https://www.iesdouyin.com/share/video/7643624113848065649#ocr高铁静音车厢肆意通话，违规行为该严加约束。#高铁静音车厢 #文明出行 #公共秩序 #乘车规范#真实生活分享计划
类型:其他
2026-05-25 23:38:31 [videodl] [INFO] [logger.py:29]  Start to download videos using DouyinVideoClient.
2026-05-25 23:38:35 [videodl] [INFO] [logger.py:29]  Finished downloading videos from DouyinVideoClient. Valid downloads: 1.
2026-05-25 23:38:39 [wxauto4(41.1.2)] [DEBUG] [chatbox.py:167]  发送文件: E:\5.16\DouyinVideoClient\7643704966377668794.mp4
2026-05-25 23:38:40 [wxauto4(41.1.2)] [DEBUG] [chatbox.py:154]  发送消息: 成都局贵阳处贵阳北所
https://www.iesdouyin.com/share/video/7643704966377668794#ocr下大了麦罢了。北京的火车爆炸
类型:其他
2026-05-25 23:41:26 [videodl] [INFO] [logger.py:29]  Start to download videos using DouyinVideoClient.
2026-05-25 23:41:32 [videodl] [INFO] [logger.py:29]  Finished downloading videos from DouyinVideoClient. Valid downloads: 1.
2026-05-25 23:41:36 [wxauto4(41.1.2)] [DEBUG] [chatbox.py:167]  发送文件: E:\5.16\DouyinVideoClient\7643766651390299380.mp4
2026-05-25 23:41:37 [wxauto4(41.1.2)] [DEBUG] [chatbox.py:154]  发送消息: 成都局贵阳处贵阳北所
https://www.iesdouyin.com/share/video/7643766651390299380火车侨红绿灯坏了，车横冲直撞。交通全乱。#城市随拍 #街道实拍 #街景一角十字路口
类型:其他
2026-05-25 23:45:43 [videodl] [INFO] [logger.py:29]  Start to download videos using DouyinVideoClient.
2026-05-25 23:45:44 [videodl] [INFO] [logger.py:29]  Finished downloading videos from DouyinVideoClient. Valid downloads: 1.
2026-05-25 23:47:16 [videodl] [INFO] [logger.py:29]  Start to download videos using DouyinVideoClient.
2026-05-25 23:47:19 [videodl] [INFO] [logger.py:29]  Finished downloading videos from DouyinVideoClient. Valid downloads: 1.
2026-05-25 23:47:23 [wxauto4(41.1.2)] [DEBUG] [chatbox.py:167]  发送文件: E:\5.16\DouyinVideoClient\7643856129214862196.mp4
2026-05-25 23:47:24 [wxauto4(41.1.2)] [DEBUG] [chatbox.py:154]  发送消息: 成都局贵阳处贵阳北所
https://www.iesdouyin.com/share/video/7643856129214862196出了社会才知道社会险恶，进过传销，做过销售，被骗，压榨，真的离谱，当着你的面扔简历，离谱，又重新换工作#火车硬座 #成年人的硬座 #分享我的乘车经历 #一直坐大巴车感觉屁股要裂开
类型:其他
2026-05-25 23:56:23 [schedule] [DEBUG] [__init__.py:690]  Running job Job(interval=30, unit=minutes, do=main, args=(), kwargs={})
2026-05-25 23:57:45 [videodl] [INFO] [logger.py:29]  Start to download videos using DouyinVideoClient.
2026-05-25 23:57:46 [videodl] [INFO] [logger.py:29]  Finished downloading videos from DouyinVideoClient. Valid downloads: 1.
2026-05-25 23:57:50 [wxauto4(41.1.2)] [DEBUG] [chatbox.py:167]  发送文件: E:\5.16\DouyinVideoClient\7643858512371739254.mp4
2026-05-25 23:57:51 [wxauto4(41.1.2)] [DEBUG] [chatbox.py:154]  发送消息: 成都局贵阳处贵阳北所
https://www.iesdouyin.com/share/video/7643858512371739254再见了，这个令我每天又累又饿又自卑 不敢大声说话 小心翼翼 谨小慎微 又爱转恨 爱而不得的地方 累了不敢蹲下，害怕上榜“最讨厌的大陆旅客行为”一不小心就变成了“没素质的大陆旅客”#澳门旅游 #香港旅游
类型:其他
2026-05-26 00:15:22 [videodl] [INFO] [logger.py:29]  Start to download videos using DouyinVideoClient.
2026-05-26 00:15:23 [videodl] [INFO] [logger.py:29]  Finished downloading videos from DouyinVideoClient. Valid downloads: 1.
2026-05-26 00:15:27 [wxauto4(41.1.2)] [DEBUG] [chatbox.py:167]  发送文件: E:\5.16\DouyinVideoClient\7643822657359914993.mp4
2026-05-26 00:15:28 [wxauto4(41.1.2)] [DEBUG] [chatbox.py:154]  发送消息: 成都局贵阳处贵阳北所
https://www.iesdouyin.com/share/video/7643822657359914993#ocr场景: 火灾
抖音定位地: 中国广西壮族自治区梧州市
描述:画面中一辆电车在路上起火，浓烟滚滚。旁边道路边缘站着几个人看向起火处。配文“电车成为火车。还好我没有。”场景氛围紧张，似乎是在提醒他人注意电
类型:其他
2026-05-26 00:16:29 [videodl] [INFO] [logger.py:29]  Start to download videos using DouyinVideoClient.
2026-05-26 00:16:29 [videodl] [INFO] [logger.py:29]  Finished downloading videos from DouyinVideoClient. Valid downloads: 1.
2026-05-26 00:18:05 [videodl] [INFO] [logger.py:29]  Start to download videos using DouyinVideoClient.
2026-05-26 00:18:07 [videodl] [INFO] [logger.py:29]  Finished downloading videos from DouyinVideoClient. Valid downloads: 1.
2026-05-26 00:22:15 [videodl] [INFO] [logger.py:29]  Start to download videos using DouyinVideoClient.
2026-05-26 00:22:19 [videodl] [INFO] [logger.py:29]  Finished downloading videos from DouyinVideoClient. Valid downloads: 1.
2026-05-26 00:22:34 [videodl] [INFO] [logger.py:29]  Start to download videos using DouyinVideoClient.
2026-05-26 00:22:36 [videodl] [INFO] [logger.py:29]  Finished downloading videos from DouyinVideoClient. Valid downloads: 1.
2026-05-26 00:24:50 [videodl] [INFO] [logger.py:29]  Start to download videos using DouyinVideoClient.
2026-05-26 00:24:50 [videodl] [INFO] [logger.py:29]  Finished downloading videos from DouyinVideoClient. Valid downloads: 1.
2026-05-26 00:26:27 [schedule] [DEBUG] [__init__.py:690]  Running job Job(interval=30, unit=minutes, do=main, args=(), kwargs={})
2026-05-26 00:27:25 [videodl] [INFO] [logger.py:29]  Start to download videos using DouyinVideoClient.
2026-05-26 00:27:25 [videodl] [INFO] [logger.py:29]  Finished downloading videos from DouyinVideoClient. Valid downloads: 1.
2026-05-26 00:31:16 [videodl] [INFO] [logger.py:29]  Start to download videos using DouyinVideoClient.
2026-05-26 00:31:20 [videodl] [INFO] [logger.py:29]  Finished downloading videos from DouyinVideoClient. Valid downloads: 1.
2026-05-26 00:34:57 [videodl] [INFO] [logger.py:29]  Start to download videos using DouyinVideoClient.
2026-05-26 00:35:01 [videodl] [INFO] [logger.py:29]  Finished downloading videos from DouyinVideoClient. Valid downloads: 1.
2026-05-26 00:41:14 [videodl] [INFO] [logger.py:29]  Start to download videos using DouyinVideoClient.
2026-05-26 00:41:14 [videodl] [INFO] [logger.py:29]  Finished downloading videos from DouyinVideoClient. Valid downloads: 1.
2026-05-26 00:56:31 [schedule] [DEBUG] [__init__.py:690]  Running job Job(interval=30, unit=minutes, do=main, args=(), kwargs={})
2026-05-26 00:58:23 [videodl] [ERROR] [logger.py:29]  [31mWebMediaGrabber.get >>> https://www.kuaishou.com/short-video/3xr5cf7ij8ghdae#ocr (Error: HTTPSConnectionPool(host='www.kuaishou.com', port=443): Max retries exceeded with url: /short-video/3xr5cf7ij8ghdae (Caused by ProtocolError('Connection aborted.', ConnectionResetError(10054, '远程主机强迫关闭了一个现有的连接。', None, 10054, None))); status=None)[0m
2026-05-26 00:58:24 [videodl] [ERROR] [logger.py:29]  [31mWebMediaGrabber.get >>> https://www.kuaishou.com/short-video/3xr5cf7ij8ghdae#ocr (Error: HTTPSConnectionPool(host='www.kuaishou.com', port=443): Max retries exceeded with url: /short-video/3xr5cf7ij8ghdae (Caused by ProtocolError('Connection aborted.', ConnectionResetError(10054, '远程主机强迫关闭了一个现有的连接。', None, 10054, None))); status=None)[0m
2026-05-26 00:58:24 [videodl] [ERROR] [logger.py:29]  [31mWebMediaGrabber.get >>> https://www.kuaishou.com/short-video/3xr5cf7ij8ghdae#ocr (Error: HTTPSConnectionPool(host='www.kuaishou.com', port=443): Max retries exceeded with url: /short-video/3xr5cf7ij8ghdae (Caused by ProtocolError('Connection aborted.', ConnectionResetError(10054, '远程主机强迫关闭了一个现有的连接。', None, 10054, None))); status=None)[0m
2026-05-26 00:58:24 [videodl] [ERROR] [logger.py:29]  [31mWebMediaGrabber.get >>> https://www.kuaishou.com/short-video/3xr5cf7ij8ghdae#ocr (Error: HTTPSConnectionPool(host='www.kuaishou.com', port=443): Max retries exceeded with url: /short-video/3xr5cf7ij8ghdae (Caused by ProtocolError('Connection aborted.', ConnectionResetError(10054, '远程主机强迫关闭了一个现有的连接。', None, 10054, None))); status=None)[0m
2026-05-26 01:26:35 [schedule] [DEBUG] [__init__.py:690]  Running job Job(interval=30, unit=minutes, do=main, args=(), kwargs={})
2026-05-26 01:26:48 [videodl] [INFO] [logger.py:29]  Start to download videos using DouyinVideoClient.
2026-05-26 01:26:49 [videodl] [INFO] [logger.py:29]  Finished downloading videos from DouyinVideoClient. Valid downloads: 1.
2026-05-26 01:30:49 [videodl] [INFO] [logger.py:29]  Start to download videos using DouyinVideoClient.
2026-05-26 01:30:50 [videodl] [INFO] [logger.py:29]  Finished downloading videos from DouyinVideoClient. Valid downloads: 1.
2026-05-26 01:42:33 [videodl] [ERROR] [logger.py:29]  [31mDouyinVideoClient.parsefromurl >>> https://www.iesdouyin.com/share/video/7643804023266820160#ocr (Error: 'video')[0m
2026-05-26 01:56:39 [schedule] [DEBUG] [__init__.py:690]  Running job Job(interval=30, unit=minutes, do=main, args=(), kwargs={})
2026-05-26 02:02:16 [videodl] [INFO] [logger.py:29]  Start to download videos using DouyinVideoClient.
2026-05-26 02:02:17 [videodl] [INFO] [logger.py:29]  Finished downloading videos from DouyinVideoClient. Valid downloads: 1.
2026-05-26 02:26:43 [schedule] [DEBUG] [__init__.py:690]  Running job Job(interval=30, unit=minutes, do=main, args=(), kwargs={})
2026-05-26 02:38:35 [videodl] [INFO] [logger.py:29]  Start to download videos using DouyinVideoClient.
2026-05-26 02:38:35 [videodl] [INFO] [logger.py:29]  Finished downloading videos from DouyinVideoClient. Valid downloads: 1.
2026-05-26 02:41:33 [videodl] [INFO] [logger.py:29]  Start to download videos using DouyinVideoClient.
2026-05-26 02:41:34 [videodl] [INFO] [logger.py:29]  Finished downloading videos from DouyinVideoClient. Valid downloads: 1.
2026-05-26 02:46:10 [videodl] [INFO] [logger.py:29]  Start to download videos using DouyinVideoClient.
2026-05-26 02:46:10 [videodl] [INFO] [logger.py:29]  Finished downloading videos from DouyinVideoClient. Valid downloads: 1.
2026-05-26 02:56:48 [schedule] [DEBUG] [__init__.py:690]  Running job Job(interval=30, unit=minutes, do=main, args=(), kwargs={})
2026-05-26 03:05:42 [videodl] [INFO] [logger.py:29]  Start to download videos using DouyinVideoClient.
2026-05-26 03:05:48 [videodl] [INFO] [logger.py:29]  Finished downloading videos from DouyinVideoClient. Valid downloads: 1.
2026-05-26 03:11:22 [videodl] [ERROR] [logger.py:29]  [31mWebMediaGrabber.get >>> https://p26-sign.toutiaoimg.com/tos-cn-i-3qtffzwd0j/o0WIvAiCVEBpB2AFeWAQviit1UIbgG2ABAgknB~tplv-tt-profile_shortvideo:720:1280.jpeg?_iz=3710&amp;bid=8&amp;from=shortvideo&amp;gid=7643908235669766196&amp;lk3s=06827d14&amp;x-expires=1780341037&amp;x-signature=9qx4AaXcAgoUOCBG39zlkWRYugo%3D (Error: 403 Client Error: Forbidden for url: https://p26-sign.toutiaoimg.com/tos-cn-i-3qtffzwd0j/o0WIvAiCVEBpB2AFeWAQviit1UIbgG2ABAgknB~tplv-tt-profile_shortvideo:720:1280.jpeg?_iz=3710&amp;bid=8&amp;from=shortvideo&amp;gid=7643908235669766196&amp;lk3s=06827d14&amp;x-expires=1780341037&amp;x-signature=9qx4AaXcAgoUOCBG39zlkWRYugo%3D; status=403)[0m
2026-05-26 03:11:22 [videodl] [ERROR] [logger.py:29]  [31mWebMediaGrabber.get >>> https://p26-sign.toutiaoimg.com/tos-cn-i-3qtffzwd0j/o0WIvAiCVEBpB2AFeWAQviit1UIbgG2ABAgknB~tplv-tt-profile_shortvideo:720:1280.jpeg?_iz=3710&amp;bid=8&amp;from=shortvideo&amp;gid=7643908235669766196&amp;lk3s=06827d14&amp;x-expires=1780341037&amp;x-signature=9qx4AaXcAgoUOCBG39zlkWRYugo%3D (Error: 403 Client Error: Forbidden for url: https://p26-sign.toutiaoimg.com/tos-cn-i-3qtffzwd0j/o0WIvAiCVEBpB2AFeWAQviit1UIbgG2ABAgknB~tplv-tt-profile_shortvideo:720:1280.jpeg?_iz=3710&amp;bid=8&amp;from=shortvideo&amp;gid=7643908235669766196&amp;lk3s=06827d14&amp;x-expires=1780341037&amp;x-signature=9qx4AaXcAgoUOCBG39zlkWRYugo%3D; status=403)[0m
2026-05-26 03:11:23 [videodl] [ERROR] [logger.py:29]  [31mWebMediaGrabber.get >>> https://p26-sign.toutiaoimg.com/tos-cn-i-3qtffzwd0j/o0WIvAiCVEBpB2AFeWAQviit1UIbgG2ABAgknB~tplv-tt-profile_shortvideo:720:1280.jpeg?_iz=3710&amp;bid=8&amp;from=shortvideo&amp;gid=7643908235669766196&amp;lk3s=06827d14&amp;x-expires=1780341037&amp;x-signature=9qx4AaXcAgoUOCBG39zlkWRYugo%3D (Error: 403 Client Error: Forbidden for url: https://p26-sign.toutiaoimg.com/tos-cn-i-3qtffzwd0j/o0WIvAiCVEBpB2AFeWAQviit1UIbgG2ABAgknB~tplv-tt-profile_shortvideo:720:1280.jpeg?_iz=3710&amp;bid=8&amp;from=shortvideo&amp;gid=7643908235669766196&amp;lk3s=06827d14&amp;x-expires=1780341037&amp;x-signature=9qx4AaXcAgoUOCBG39zlkWRYugo%3D; status=403)[0m
2026-05-26 03:11:23 [videodl] [ERROR] [logger.py:29]  [31mWebMediaGrabber.get >>> https://p26-sign.toutiaoimg.com/tos-cn-i-3qtffzwd0j/o0WIvAiCVEBpB2AFeWAQviit1UIbgG2ABAgknB~tplv-tt-profile_shortvideo:720:1280.jpeg?_iz=3710&amp;bid=8&amp;from=shortvideo&amp;gid=7643908235669766196&amp;lk3s=06827d14&amp;x-expires=1780341037&amp;x-signature=9qx4AaXcAgoUOCBG39zlkWRYugo%3D (Error: 403 Client Error: Forbidden for url: https://p26-sign.toutiaoimg.com/tos-cn-i-3qtffzwd0j/o0WIvAiCVEBpB2AFeWAQviit1UIbgG2ABAgknB~tplv-tt-profile_shortvideo:720:1280.jpeg?_iz=3710&amp;bid=8&amp;from=shortvideo&amp;gid=7643908235669766196&amp;lk3s=06827d14&amp;x-expires=1780341037&amp;x-signature=9qx4AaXcAgoUOCBG39zlkWRYugo%3D; status=403)[0m
2026-05-26 03:11:23 [videodl] [ERROR] [logger.py:29]  [31mWebMediaGrabber.get >>> https://p26-sign.toutiaoimg.com/tos-cn-i-3qtffzwd0j/o0WIvAiCVEBpB2AFeWAQviit1UIbgG2ABAgknB~tplv-tt-profile_shortvideo:720:1280.jpeg?_iz=3710&amp;bid=8&amp;from=shortvideo&amp;gid=7643908235669766196&amp;lk3s=06827d14&amp;x-expires=1780341037&amp;x-signature=9qx4AaXcAgoUOCBG39zlkWRYugo%3D (Error: 403 Client Error: Forbidden for url: https://p26-sign.toutiaoimg.com/tos-cn-i-3qtffzwd0j/o0WIvAiCVEBpB2AFeWAQviit1UIbgG2ABAgknB~tplv-tt-profile_shortvideo:720:1280.jpeg?_iz=3710&amp;bid=8&amp;from=shortvideo&amp;gid=7643908235669766196&amp;lk3s=06827d14&amp;x-expires=1780341037&amp;x-signature=9qx4AaXcAgoUOCBG39zlkWRYugo%3D; status=403)[0m
2026-05-26 03:11:24 [videodl] [ERROR] [logger.py:29]  [31mWebMediaGrabber.get >>> https://p3-sign.toutiaoimg.com/tos-cn-i-3qtffzwd0j/o0WIvAiCVEBpB2AFeWAQviit1UIbgG2ABAgknB~tplv-tt-svzoom-v3:720:1280.jpeg?_iz=3710&amp;bid=8&amp;from=shortvideo&amp;gid=7643908235669766196&amp;lk3s=06827d14&amp;x-expires=1780341037&amp;x-signature=BzFBXirloVGR%2FkSoN2U%2B6nU5ba4%3D (Error: 403 Client Error: Forbidden for url: https://p3-sign.toutiaoimg.com/tos-cn-i-3qtffzwd0j/o0WIvAiCVEBpB2AFeWAQviit1UIbgG2ABAgknB~tplv-tt-svzoom-v3:720:1280.jpeg?_iz=3710&amp;bid=8&amp;from=shortvideo&amp;gid=7643908235669766196&amp;lk3s=06827d14&amp;x-expires=1780341037&amp;x-signature=BzFBXirloVGR%2FkSoN2U%2B6nU5ba4%3D; status=403)[0m
2026-05-26 03:11:24 [videodl] [ERROR] [logger.py:29]  [31mWebMediaGrabber.get >>> https://p3-sign.toutiaoimg.com/tos-cn-i-3qtffzwd0j/o0WIvAiCVEBpB2AFeWAQviit1UIbgG2ABAgknB~tplv-tt-svzoom-v3:720:1280.jpeg?_iz=3710&amp;bid=8&amp;from=shortvideo&amp;gid=7643908235669766196&amp;lk3s=06827d14&amp;x-expires=1780341037&amp;x-signature=BzFBXirloVGR%2FkSoN2U%2B6nU5ba4%3D (Error: 403 Client Error: Forbidden for url: https://p3-sign.toutiaoimg.com/tos-cn-i-3qtffzwd0j/o0WIvAiCVEBpB2AFeWAQviit1UIbgG2ABAgknB~tplv-tt-svzoom-v3:720:1280.jpeg?_iz=3710&amp;bid=8&amp;from=shortvideo&amp;gid=7643908235669766196&amp;lk3s=06827d14&amp;x-expires=1780341037&amp;x-signature=BzFBXirloVGR%2FkSoN2U%2B6nU5ba4%3D; status=403)[0m
2026-05-26 03:11:25 [videodl] [ERROR] [logger.py:29]  [31mWebMediaGrabber.get >>> https://p3-sign.toutiaoimg.com/tos-cn-i-3qtffzwd0j/o0WIvAiCVEBpB2AFeWAQviit1UIbgG2ABAgknB~tplv-tt-svzoom-v3:720:1280.jpeg?_iz=3710&amp;bid=8&amp;from=shortvideo&amp;gid=7643908235669766196&amp;lk3s=06827d14&amp;x-expires=1780341037&amp;x-signature=BzFBXirloVGR%2FkSoN2U%2B6nU5ba4%3D (Error: 403 Client Error: Forbidden for url: https://p3-sign.toutiaoimg.com/tos-cn-i-3qtffzwd0j/o0WIvAiCVEBpB2AFeWAQviit1UIbgG2ABAgknB~tplv-tt-svzoom-v3:720:1280.jpeg?_iz=3710&amp;bid=8&amp;from=shortvideo&amp;gid=7643908235669766196&amp;lk3s=06827d14&amp;x-expires=1780341037&amp;x-signature=BzFBXirloVGR%2FkSoN2U%2B6nU5ba4%3D; status=403)[0m
2026-05-26 03:11:25 [videodl] [ERROR] [logger.py:29]  [31mWebMediaGrabber.get >>> https://p3-sign.toutiaoimg.com/tos-cn-i-3qtffzwd0j/o0WIvAiCVEBpB2AFeWAQviit1UIbgG2ABAgknB~tplv-tt-svzoom-v3:720:1280.jpeg?_iz=3710&amp;bid=8&amp;from=shortvideo&amp;gid=7643908235669766196&amp;lk3s=06827d14&amp;x-expires=1780341037&amp;x-signature=BzFBXirloVGR%2FkSoN2U%2B6nU5ba4%3D (Error: 403 Client Error: Forbidden for url: https://p3-sign.toutiaoimg.com/tos-cn-i-3qtffzwd0j/o0WIvAiCVEBpB2AFeWAQviit1UIbgG2ABAgknB~tplv-tt-svzoom-v3:720:1280.jpeg?_iz=3710&amp;bid=8&amp;from=shortvideo&amp;gid=7643908235669766196&amp;lk3s=06827d14&amp;x-expires=1780341037&amp;x-signature=BzFBXirloVGR%2FkSoN2U%2B6nU5ba4%3D; status=403)[0m
2026-05-26 03:11:25 [videodl] [ERROR] [logger.py:29]  [31mWebMediaGrabber.get >>> https://p3-sign.toutiaoimg.com/tos-cn-i-3qtffzwd0j/o0WIvAiCVEBpB2AFeWAQviit1UIbgG2ABAgknB~tplv-tt-svzoom-v3:720:1280.jpeg?_iz=3710&amp;bid=8&amp;from=shortvideo&amp;gid=7643908235669766196&amp;lk3s=06827d14&amp;x-expires=1780341037&amp;x-signature=BzFBXirloVGR%2FkSoN2U%2B6nU5ba4%3D (Error: 403 Client Error: Forbidden for url: https://p3-sign.toutiaoimg.com/tos-cn-i-3qtffzwd0j/o0WIvAiCVEBpB2AFeWAQviit1UIbgG2ABAgknB~tplv-tt-svzoom-v3:720:1280.jpeg?_iz=3710&amp;bid=8&amp;from=shortvideo&amp;gid=7643908235669766196&amp;lk3s=06827d14&amp;x-expires=1780341037&amp;x-signature=BzFBXirloVGR%2FkSoN2U%2B6nU5ba4%3D; status=403)[0m
2026-05-26 03:11:26 [videodl] [ERROR] [logger.py:29]  [31mWebMediaGrabber.get >>> https://p26-sign.toutiaoimg.com/mosaic-legacy/3792/5112637127~300x300.image?_iz=112761&amp;from=tt_user.shortvideo&amp;lk3s=06827d14&amp;x-expires=1780358400&amp;x-signature=YjRzxYFqSvGFc0LjlYnVSeQH3Io%3D (Error: 403 Client Error: Forbidden for url: https://p26-sign.toutiaoimg.com/mosaic-legacy/3792/5112637127~300x300.image?_iz=112761&amp;from=tt_user.shortvideo&amp;lk3s=06827d14&amp;x-expires=1780358400&amp;x-signature=YjRzxYFqSvGFc0LjlYnVSeQH3Io%3D; status=403)[0m
2026-05-26 03:11:26 [videodl] [ERROR] [logger.py:29]  [31mWebMediaGrabber.get >>> https://p26-sign.toutiaoimg.com/mosaic-legacy/3792/5112637127~300x300.image?_iz=112761&amp;from=tt_user.shortvideo&amp;lk3s=06827d14&amp;x-expires=1780358400&amp;x-signature=YjRzxYFqSvGFc0LjlYnVSeQH3Io%3D (Error: 403 Client Error: Forbidden for url: https://p26-sign.toutiaoimg.com/mosaic-legacy/3792/5112637127~300x300.image?_iz=112761&amp;from=tt_user.shortvideo&amp;lk3s=06827d14&amp;x-expires=1780358400&amp;x-signature=YjRzxYFqSvGFc0LjlYnVSeQH3Io%3D; status=403)[0m
2026-05-26 03:11:26 [videodl] [ERROR] [logger.py:29]  [31mWebMediaGrabber.get >>> https://p26-sign.toutiaoimg.com/mosaic-legacy/3792/5112637127~300x300.image?_iz=112761&amp;from=tt_user.shortvideo&amp;lk3s=06827d14&amp;x-expires=1780358400&amp;x-signature=YjRzxYFqSvGFc0LjlYnVSeQH3Io%3D (Error: 403 Client Error: Forbidden for url: https://p26-sign.toutiaoimg.com/mosaic-legacy/3792/5112637127~300x300.image?_iz=112761&amp;from=tt_user.shortvideo&amp;lk3s=06827d14&amp;x-expires=1780358400&amp;x-signature=YjRzxYFqSvGFc0LjlYnVSeQH3Io%3D; status=403)[0m
2026-05-26 03:11:26 [videodl] [ERROR] [logger.py:29]  [31mWebMediaGrabber.get >>> https://p26-sign.toutiaoimg.com/mosaic-legacy/3792/5112637127~300x300.image?_iz=112761&amp;from=tt_user.shortvideo&amp;lk3s=06827d14&amp;x-expires=1780358400&amp;x-signature=YjRzxYFqSvGFc0LjlYnVSeQH3Io%3D (Error: 403 Client Error: Forbidden for url: https://p26-sign.toutiaoimg.com/mosaic-legacy/3792/5112637127~300x300.image?_iz=112761&amp;from=tt_user.shortvideo&amp;lk3s=06827d14&amp;x-expires=1780358400&amp;x-signature=YjRzxYFqSvGFc0LjlYnVSeQH3Io%3D; status=403)[0m
2026-05-26 03:11:27 [videodl] [ERROR] [logger.py:29]  [31mWebMediaGrabber.get >>> https://p26-sign.toutiaoimg.com/mosaic-legacy/3792/5112637127~300x300.image?_iz=112761&amp;from=tt_user.shortvideo&amp;lk3s=06827d14&amp;x-expires=1780358400&amp;x-signature=YjRzxYFqSvGFc0LjlYnVSeQH3Io%3D (Error: 403 Client Error: Forbidden for url: https://p26-sign.toutiaoimg.com/mosaic-legacy/3792/5112637127~300x300.image?_iz=112761&amp;from=tt_user.shortvideo&amp;lk3s=06827d14&amp;x-expires=1780358400&amp;x-signature=YjRzxYFqSvGFc0LjlYnVSeQH3Io%3D; status=403)[0m
2026-05-26 03:11:27 [videodl] [INFO] [logger.py:29]  Start to download videos using WebMediaGrabber.
2026-05-26 03:11:31 [videodl] [INFO] [logger.py:29]  Finished downloading videos from WebMediaGrabber. Valid downloads: 1.
2026-05-26 03:26:53 [schedule] [DEBUG] [__init__.py:690]  Running job Job(interval=30, unit=minutes, do=main, args=(), kwargs={})
2026-05-26 03:28:26 [videodl] [INFO] [logger.py:29]  Start to download videos using DouyinVideoClient.
2026-05-26 03:28:26 [videodl] [INFO] [logger.py:29]  Finished downloading videos from DouyinVideoClient. Valid downloads: 1.
2026-05-26 03:33:22 [videodl] [INFO] [logger.py:29]  Start to download videos using DouyinVideoClient.
2026-05-26 03:33:23 [videodl] [INFO] [logger.py:29]  Finished downloading videos from DouyinVideoClient. Valid downloads: 1.
2026-05-26 03:56:57 [schedule] [DEBUG] [__init__.py:690]  Running job Job(interval=30, unit=minutes, do=main, args=(), kwargs={})
2026-05-26 04:16:57 [videodl] [INFO] [logger.py:29]  Start to download videos using DouyinVideoClient.
2026-05-26 04:16:58 [videodl] [INFO] [logger.py:29]  Finished downloading videos from DouyinVideoClient. Valid downloads: 1.
2026-05-26 04:22:55 [videodl] [ERROR] [logger.py:29]  [31mWebMediaGrabber.get >>> https://p11-sign.toutiaoimg.com/tos-cn-i-e874c6/oUmAqBfEFAKnUffEIIEzzmmlA4E8F5iAD8AABU~tplv-pk90l89vgd-crop-center-v4:864:486.jpeg?_iz=31127&amp;bid=16&amp;from=ttvideo.&amp;gid=7643741575897432617&amp;lk3s=06827d14&amp;x-expires=1780345339&amp;x-signature=bb4QJ6kp0wo81fKCirc8UmVccYY%3D (Error: 403 Client Error: Forbidden for url: https://p11-sign.toutiaoimg.com/tos-cn-i-e874c6/oUmAqBfEFAKnUffEIIEzzmmlA4E8F5iAD8AABU~tplv-pk90l89vgd-crop-center-v4:864:486.jpeg?_iz=31127&amp;bid=16&amp;from=ttvideo.&amp;gid=7643741575897432617&amp;lk3s=06827d14&amp;x-expires=1780345339&amp;x-signature=bb4QJ6kp0wo81fKCirc8UmVccYY%3D; status=403)[0m
2026-05-26 04:22:55 [videodl] [ERROR] [logger.py:29]  [31mWebMediaGrabber.get >>> https://p11-sign.toutiaoimg.com/tos-cn-i-e874c6/oUmAqBfEFAKnUffEIIEzzmmlA4E8F5iAD8AABU~tplv-pk90l89vgd-crop-center-v4:864:486.jpeg?_iz=31127&amp;bid=16&amp;from=ttvideo.&amp;gid=7643741575897432617&amp;lk3s=06827d14&amp;x-expires=1780345339&amp;x-signature=bb4QJ6kp0wo81fKCirc8UmVccYY%3D (Error: 403 Client Error: Forbidden for url: https://p11-sign.toutiaoimg.com/tos-cn-i-e874c6/oUmAqBfEFAKnUffEIIEzzmmlA4E8F5iAD8AABU~tplv-pk90l89vgd-crop-center-v4:864:486.jpeg?_iz=31127&amp;bid=16&amp;from=ttvideo.&amp;gid=7643741575897432617&amp;lk3s=06827d14&amp;x-expires=1780345339&amp;x-signature=bb4QJ6kp0wo81fKCirc8UmVccYY%3D; status=403)[0m
2026-05-26 04:22:56 [videodl] [ERROR] [logger.py:29]  [31mWebMediaGrabber.get >>> https://p11-sign.toutiaoimg.com/tos-cn-i-e874c6/oUmAqBfEFAKnUffEIIEzzmmlA4E8F5iAD8AABU~tplv-pk90l89vgd-crop-center-v4:864:486.jpeg?_iz=31127&amp;bid=16&amp;from=ttvideo.&amp;gid=7643741575897432617&amp;lk3s=06827d14&amp;x-expires=1780345339&amp;x-signature=bb4QJ6kp0wo81fKCirc8UmVccYY%3D (Error: 403 Client Error: Forbidden for url: https://p11-sign.toutiaoimg.com/tos-cn-i-e874c6/oUmAqBfEFAKnUffEIIEzzmmlA4E8F5iAD8AABU~tplv-pk90l89vgd-crop-center-v4:864:486.jpeg?_iz=31127&amp;bid=16&amp;from=ttvideo.&amp;gid=7643741575897432617&amp;lk3s=06827d14&amp;x-expires=1780345339&amp;x-signature=bb4QJ6kp0wo81fKCirc8UmVccYY%3D; status=403)[0m
2026-05-26 04:22:56 [videodl] [ERROR] [logger.py:29]  [31mWebMediaGrabber.get >>> https://p11-sign.toutiaoimg.com/tos-cn-i-e874c6/oUmAqBfEFAKnUffEIIEzzmmlA4E8F5iAD8AABU~tplv-pk90l89vgd-crop-center-v4:864:486.jpeg?_iz=31127&amp;bid=16&amp;from=ttvideo.&amp;gid=7643741575897432617&amp;lk3s=06827d14&amp;x-expires=1780345339&amp;x-signature=bb4QJ6kp0wo81fKCirc8UmVccYY%3D (Error: 403 Client Error: Forbidden for url: https://p11-sign.toutiaoimg.com/tos-cn-i-e874c6/oUmAqBfEFAKnUffEIIEzzmmlA4E8F5iAD8AABU~tplv-pk90l89vgd-crop-center-v4:864:486.jpeg?_iz=31127&amp;bid=16&amp;from=ttvideo.&amp;gid=7643741575897432617&amp;lk3s=06827d14&amp;x-expires=1780345339&amp;x-signature=bb4QJ6kp0wo81fKCirc8UmVccYY%3D; status=403)[0m
2026-05-26 04:22:57 [videodl] [ERROR] [logger.py:29]  [31mWebMediaGrabber.get >>> https://p11-sign.toutiaoimg.com/tos-cn-i-e874c6/oUmAqBfEFAKnUffEIIEzzmmlA4E8F5iAD8AABU~tplv-pk90l89vgd-crop-center-v4:864:486.jpeg?_iz=31127&amp;bid=16&amp;from=ttvideo.&amp;gid=7643741575897432617&amp;lk3s=06827d14&amp;x-expires=1780345339&amp;x-signature=bb4QJ6kp0wo81fKCirc8UmVccYY%3D (Error: 403 Client Error: Forbidden for url: https://p11-sign.toutiaoimg.com/tos-cn-i-e874c6/oUmAqBfEFAKnUffEIIEzzmmlA4E8F5iAD8AABU~tplv-pk90l89vgd-crop-center-v4:864:486.jpeg?_iz=31127&amp;bid=16&amp;from=ttvideo.&amp;gid=7643741575897432617&amp;lk3s=06827d14&amp;x-expires=1780345339&amp;x-signature=bb4QJ6kp0wo81fKCirc8UmVccYY%3D; status=403)[0m
2026-05-26 04:22:58 [videodl] [ERROR] [logger.py:29]  [31mWebMediaGrabber.get >>> https://p3-sign.toutiaoimg.com/tos-cn-p-e874c6/a380e659b4534d059a7497dcaf53cb73_1779697285~tplv-pk90l89vgd-crop-center-v4:864:486.jpeg?_iz=31127&amp;bid=16&amp;from=ttvideo.&amp;gid=7643741575897432617&amp;lk3s=06827d14&amp;x-expires=1780345339&amp;x-signature=Z563v197arCtqHMxP8Pi9mwO0J0%3D (Error: 403 Client Error: Forbidden for url: https://p3-sign.toutiaoimg.com/tos-cn-p-e874c6/a380e659b4534d059a7497dcaf53cb73_1779697285~tplv-pk90l89vgd-crop-center-v4:864:486.jpeg?_iz=31127&amp;bid=16&amp;from=ttvideo.&amp;gid=7643741575897432617&amp;lk3s=06827d14&amp;x-expires=1780345339&amp;x-signature=Z563v197arCtqHMxP8Pi9mwO0J0%3D; status=403)[0m
2026-05-26 04:22:58 [videodl] [ERROR] [logger.py:29]  [31mWebMediaGrabber.get >>> https://p3-sign.toutiaoimg.com/tos-cn-p-e874c6/a380e659b4534d059a7497dcaf53cb73_1779697285~tplv-pk90l89vgd-crop-center-v4:864:486.jpeg?_iz=31127&amp;bid=16&amp;from=ttvideo.&amp;gid=7643741575897432617&amp;lk3s=06827d14&amp;x-expires=1780345339&amp;x-signature=Z563v197arCtqHMxP8Pi9mwO0J0%3D (Error: 403 Client Error: Forbidden for url: https://p3-sign.toutiaoimg.com/tos-cn-p-e874c6/a380e659b4534d059a7497dcaf53cb73_1779697285~tplv-pk90l89vgd-crop-center-v4:864:486.jpeg?_iz=31127&amp;bid=16&amp;from=ttvideo.&amp;gid=7643741575897432617&amp;lk3s=06827d14&amp;x-expires=1780345339&amp;x-signature=Z563v197arCtqHMxP8Pi9mwO0J0%3D; status=403)[0m
2026-05-26 04:22:59 [videodl] [ERROR] [logger.py:29]  [31mWebMediaGrabber.get >>> https://p3-sign.toutiaoimg.com/tos-cn-p-e874c6/a380e659b4534d059a7497dcaf53cb73_1779697285~tplv-pk90l89vgd-crop-center-v4:864:486.jpeg?_iz=31127&amp;bid=16&amp;from=ttvideo.&amp;gid=7643741575897432617&amp;lk3s=06827d14&amp;x-expires=1780345339&amp;x-signature=Z563v197arCtqHMxP8Pi9mwO0J0%3D (Error: 403 Client Error: Forbidden for url: https://p3-sign.toutiaoimg.com/tos-cn-p-e874c6/a380e659b4534d059a7497dcaf53cb73_1779697285~tplv-pk90l89vgd-crop-center-v4:864:486.jpeg?_iz=31127&amp;bid=16&amp;from=ttvideo.&amp;gid=7643741575897432617&amp;lk3s=06827d14&amp;x-expires=1780345339&amp;x-signature=Z563v197arCtqHMxP8Pi9mwO0J0%3D; status=403)[0m
2026-05-26 04:22:59 [videodl] [ERROR] [logger.py:29]  [31mWebMediaGrabber.get >>> https://p3-sign.toutiaoimg.com/tos-cn-p-e874c6/a380e659b4534d059a7497dcaf53cb73_1779697285~tplv-pk90l89vgd-crop-center-v4:864:486.jpeg?_iz=31127&amp;bid=16&amp;from=ttvideo.&amp;gid=7643741575897432617&amp;lk3s=06827d14&amp;x-expires=1780345339&amp;x-signature=Z563v197arCtqHMxP8Pi9mwO0J0%3D (Error: 403 Client Error: Forbidden for url: https://p3-sign.toutiaoimg.com/tos-cn-p-e874c6/a380e659b4534d059a7497dcaf53cb73_1779697285~tplv-pk90l89vgd-crop-center-v4:864:486.jpeg?_iz=31127&amp;bid=16&amp;from=ttvideo.&amp;gid=7643741575897432617&amp;lk3s=06827d14&amp;x-expires=1780345339&amp;x-signature=Z563v197arCtqHMxP8Pi9mwO0J0%3D; status=403)[0m
2026-05-26 04:22:59 [videodl] [ERROR] [logger.py:29]  [31mWebMediaGrabber.get >>> https://p3-sign.toutiaoimg.com/tos-cn-p-e874c6/a380e659b4534d059a7497dcaf53cb73_1779697285~tplv-pk90l89vgd-crop-center-v4:864:486.jpeg?_iz=31127&amp;bid=16&amp;from=ttvideo.&amp;gid=7643741575897432617&amp;lk3s=06827d14&amp;x-expires=1780345339&amp;x-signature=Z563v197arCtqHMxP8Pi9mwO0J0%3D (Error: 403 Client Error: Forbidden for url: https://p3-sign.toutiaoimg.com/tos-cn-p-e874c6/a380e659b4534d059a7497dcaf53cb73_1779697285~tplv-pk90l89vgd-crop-center-v4:864:486.jpeg?_iz=31127&amp;bid=16&amp;from=ttvideo.&amp;gid=7643741575897432617&amp;lk3s=06827d14&amp;x-expires=1780345339&amp;x-signature=Z563v197arCtqHMxP8Pi9mwO0J0%3D; status=403)[0m
2026-05-26 04:23:00 [videodl] [ERROR] [logger.py:29]  [31mWebMediaGrabber.get >>> https://p26-sign.toutiaoimg.com/user-avatar/1aae3ca234f717013aa1912cc49898dd~300x300.image?_iz=112761&amp;from=tt_user.video&amp;lk3s=06827d14&amp;x-expires=1780358400&amp;x-signature=so0v7VNAf0vuKJ8ITLiIaSUHrto%3D (Error: 403 Client Error: Forbidden for url: https://p26-sign.toutiaoimg.com/user-avatar/1aae3ca234f717013aa1912cc49898dd~300x300.image?_iz=112761&amp;from=tt_user.video&amp;lk3s=06827d14&amp;x-expires=1780358400&amp;x-signature=so0v7VNAf0vuKJ8ITLiIaSUHrto%3D; status=403)[0m
2026-05-26 04:23:00 [videodl] [ERROR] [logger.py:29]  [31mWebMediaGrabber.get >>> https://p26-sign.toutiaoimg.com/user-avatar/1aae3ca234f717013aa1912cc49898dd~300x300.image?_iz=112761&amp;from=tt_user.video&amp;lk3s=06827d14&amp;x-expires=1780358400&amp;x-signature=so0v7VNAf0vuKJ8ITLiIaSUHrto%3D (Error: 403 Client Error: Forbidden for url: https://p26-sign.toutiaoimg.com/user-avatar/1aae3ca234f717013aa1912cc49898dd~300x300.image?_iz=112761&amp;from=tt_user.video&amp;lk3s=06827d14&amp;x-expires=1780358400&amp;x-signature=so0v7VNAf0vuKJ8ITLiIaSUHrto%3D; status=403)[0m
2026-05-26 04:23:00 [videodl] [ERROR] [logger.py:29]  [31mWebMediaGrabber.get >>> https://p26-sign.toutiaoimg.com/user-avatar/1aae3ca234f717013aa1912cc49898dd~300x300.image?_iz=112761&amp;from=tt_user.video&amp;lk3s=06827d14&amp;x-expires=1780358400&amp;x-signature=so0v7VNAf0vuKJ8ITLiIaSUHrto%3D (Error: 403 Client Error: Forbidden for url: https://p26-sign.toutiaoimg.com/user-avatar/1aae3ca234f717013aa1912cc49898dd~300x300.image?_iz=112761&amp;from=tt_user.video&amp;lk3s=06827d14&amp;x-expires=1780358400&amp;x-signature=so0v7VNAf0vuKJ8ITLiIaSUHrto%3D; status=403)[0m
2026-05-26 04:23:00 [videodl] [ERROR] [logger.py:29]  [31mWebMediaGrabber.get >>> https://p26-sign.toutiaoimg.com/user-avatar/1aae3ca234f717013aa1912cc49898dd~300x300.image?_iz=112761&amp;from=tt_user.video&amp;lk3s=06827d14&amp;x-expires=1780358400&amp;x-signature=so0v7VNAf0vuKJ8ITLiIaSUHrto%3D (Error: 403 Client Error: Forbidden for url: https://p26-sign.toutiaoimg.com/user-avatar/1aae3ca234f717013aa1912cc49898dd~300x300.image?_iz=112761&amp;from=tt_user.video&amp;lk3s=06827d14&amp;x-expires=1780358400&amp;x-signature=so0v7VNAf0vuKJ8ITLiIaSUHrto%3D; status=403)[0m
2026-05-26 04:23:00 [videodl] [ERROR] [logger.py:29]  [31mWebMediaGrabber.get >>> https://p26-sign.toutiaoimg.com/user-avatar/1aae3ca234f717013aa1912cc49898dd~300x300.image?_iz=112761&amp;from=tt_user.video&amp;lk3s=06827d14&amp;x-expires=1780358400&amp;x-signature=so0v7VNAf0vuKJ8ITLiIaSUHrto%3D (Error: 403 Client Error: Forbidden for url: https://p26-sign.toutiaoimg.com/user-avatar/1aae3ca234f717013aa1912cc49898dd~300x300.image?_iz=112761&amp;from=tt_user.video&amp;lk3s=06827d14&amp;x-expires=1780358400&amp;x-signature=so0v7VNAf0vuKJ8ITLiIaSUHrto%3D; status=403)[0m
2026-05-26 04:23:00 [videodl] [INFO] [logger.py:29]  Start to download videos using WebMediaGrabber.
2026-05-26 04:23:05 [videodl] [INFO] [logger.py:29]  Finished downloading videos from WebMediaGrabber. Valid downloads: 1.
2026-05-26 04:27:02 [schedule] [DEBUG] [__init__.py:690]  Running job Job(interval=30, unit=minutes, do=main, args=(), kwargs={})
2026-05-26 04:27:28 [videodl] [INFO] [logger.py:29]  Start to download videos using DouyinVideoClient.
2026-05-26 04:27:31 [videodl] [INFO] [logger.py:29]  Finished downloading videos from DouyinVideoClient. Valid downloads: 1.
2026-05-26 04:57:06 [schedule] [DEBUG] [__init__.py:690]  Running job Job(interval=30, unit=minutes, do=main, args=(), kwargs={})
2026-05-26 05:00:16 [videodl] [INFO] [logger.py:29]  Start to download videos using DouyinVideoClient.
2026-05-26 05:00:21 [videodl] [INFO] [logger.py:29]  Finished downloading videos from DouyinVideoClient. Valid downloads: 1.
2026-05-26 05:09:52 [videodl] [INFO] [logger.py:29]  Start to download videos using DouyinVideoClient.
2026-05-26 05:09:59 [videodl] [INFO] [logger.py:29]  Finished downloading videos from DouyinVideoClient. Valid downloads: 1.
2026-05-26 05:27:10 [schedule] [DEBUG] [__init__.py:690]  Running job Job(interval=30, unit=minutes, do=main, args=(), kwargs={})
2026-05-26 05:54:07 [videodl] [INFO] [logger.py:29]  Start to download videos using DouyinVideoClient.
2026-05-26 05:54:07 [videodl] [INFO] [logger.py:29]  Finished downloading videos from DouyinVideoClient. Valid downloads: 1.
2026-05-26 05:56:32 [videodl] [ERROR] [logger.py:29]  [31mDouyinVideoClient.parsefromurl >>> https://www.iesdouyin.com/share/video/7643950997270678762 (Error: 'NoneType' object has no attribute 'group')[0m
2026-05-26 05:57:15 [schedule] [DEBUG] [__init__.py:690]  Running job Job(interval=30, unit=minutes, do=main, args=(), kwargs={})
2026-05-26 06:27:21 [schedule] [DEBUG] [__init__.py:690]  Running job Job(interval=30, unit=minutes, do=main, args=(), kwargs={})
2026-05-26 06:57:30 [schedule] [DEBUG] [__init__.py:690]  Running job Job(interval=30, unit=minutes, do=main, args=(), kwargs={})
